# Logfile created on 2014-02-12 08:46:54 +0100 by logger.rb/36483
I, [2014-02-12T08:46:54.169041 #1224]  INFO -- : 0:  rake (10.1.1) from /Users/satblip/.rvm/gems/ruby-2.0.0-p247/specifications/rake-10.1.1.gemspec
I, [2014-02-12T08:46:54.169454 #1224]  INFO -- : 0:  i18n (0.6.9) from /Users/satblip/.rvm/gems/ruby-2.0.0-p247/specifications/i18n-0.6.9.gemspec
I, [2014-02-12T08:46:54.169941 #1224]  INFO -- : 0:  minitest (4.7.5) from /Users/satblip/.rvm/gems/ruby-2.0.0-p247/specifications/minitest-4.7.5.gemspec
I, [2014-02-12T08:46:54.170441 #1224]  INFO -- : 0:  multi_json (1.8.4) from /Users/satblip/.rvm/gems/ruby-2.0.0-p247/specifications/multi_json-1.8.4.gemspec
I, [2014-02-12T08:46:54.170936 #1224]  INFO -- : 0:  atomic (1.1.14) from /Users/satblip/.rvm/gems/ruby-2.0.0-p247/specifications/atomic-1.1.14.gemspec
I, [2014-02-12T08:46:54.171761 #1224]  INFO -- : 0:  thread_safe (0.1.3) from /Users/satblip/.rvm/gems/ruby-2.0.0-p247/specifications/thread_safe-0.1.3.gemspec
I, [2014-02-12T08:46:54.172399 #1224]  INFO -- : 0:  tzinfo (0.3.38) from /Users/satblip/.rvm/gems/ruby-2.0.0-p247/specifications/tzinfo-0.3.38.gemspec
I, [2014-02-12T08:46:54.172982 #1224]  INFO -- : 0:  activesupport (4.0.0) from /Users/satblip/.rvm/gems/ruby-2.0.0-p247/specifications/activesupport-4.0.0.gemspec
I, [2014-02-12T08:46:54.173538 #1224]  INFO -- : 0:  builder (3.1.4) from /Users/satblip/.rvm/gems/ruby-2.0.0-p247/specifications/builder-3.1.4.gemspec
I, [2014-02-12T08:46:54.174152 #1224]  INFO -- : 0:  erubis (2.7.0) from /Users/satblip/.rvm/gems/ruby-2.0.0-p247/specifications/erubis-2.7.0.gemspec
I, [2014-02-12T08:46:54.174945 #1224]  INFO -- : 0:  rack (1.5.2) from /Users/satblip/.rvm/gems/ruby-2.0.0-p247/specifications/rack-1.5.2.gemspec
I, [2014-02-12T08:46:54.175814 #1224]  INFO -- : 0:  rack-test (0.6.2) from /Users/satblip/.rvm/gems/ruby-2.0.0-p247/specifications/rack-test-0.6.2.gemspec
I, [2014-02-12T08:46:54.176327 #1224]  INFO -- : 0:  actionpack (4.0.0) from /Users/satblip/.rvm/gems/ruby-2.0.0-p247/specifications/actionpack-4.0.0.gemspec
I, [2014-02-12T08:46:54.176795 #1224]  INFO -- : 0:  mime-types (1.25.1) from /Users/satblip/.rvm/gems/ruby-2.0.0-p247/specifications/mime-types-1.25.1.gemspec
I, [2014-02-12T08:46:54.177268 #1224]  INFO -- : 0:  polyglot (0.3.3) from /Users/satblip/.rvm/gems/ruby-2.0.0-p247/specifications/polyglot-0.3.3.gemspec
I, [2014-02-12T08:46:54.177739 #1224]  INFO -- : 0:  treetop (1.4.15) from /Users/satblip/.rvm/gems/ruby-2.0.0-p247/specifications/treetop-1.4.15.gemspec
I, [2014-02-12T08:46:54.178234 #1224]  INFO -- : 0:  mail (2.5.4) from /Users/satblip/.rvm/gems/ruby-2.0.0-p247/specifications/mail-2.5.4.gemspec
I, [2014-02-12T08:46:54.178713 #1224]  INFO -- : 0:  actionmailer (4.0.0) from /Users/satblip/.rvm/gems/ruby-2.0.0-p247/specifications/actionmailer-4.0.0.gemspec
I, [2014-02-12T08:46:54.179249 #1224]  INFO -- : 0:  activemodel (4.0.0) from /Users/satblip/.rvm/gems/ruby-2.0.0-p247/specifications/activemodel-4.0.0.gemspec
I, [2014-02-12T08:46:54.179813 #1224]  INFO -- : 0:  activerecord-deprecated_finders (1.0.3) from /Users/satblip/.rvm/gems/ruby-2.0.0-p247/specifications/activerecord-deprecated_finders-1.0.3.gemspec
I, [2014-02-12T08:46:54.180397 #1224]  INFO -- : 0:  arel (4.0.2) from /Users/satblip/.rvm/gems/ruby-2.0.0-p247/specifications/arel-4.0.2.gemspec
I, [2014-02-12T08:46:54.180960 #1224]  INFO -- : 0:  activerecord (4.0.0) from /Users/satblip/.rvm/gems/ruby-2.0.0-p247/specifications/activerecord-4.0.0.gemspec
I, [2014-02-12T08:46:54.181720 #1224]  INFO -- : 0:  bundler (1.5.1) from /Users/satblip/.rvm/gems/ruby-2.0.0-p247@global/specifications/bundler-1.5.1.gemspec
I, [2014-02-12T08:46:54.182347 #1224]  INFO -- : 0:  coffee-script-source (1.7.0) from /Users/satblip/.rvm/gems/ruby-2.0.0-p247/specifications/coffee-script-source-1.7.0.gemspec
I, [2014-02-12T08:46:54.182939 #1224]  INFO -- : 0:  execjs (2.0.2) from /Users/satblip/.rvm/gems/ruby-2.0.0-p247/specifications/execjs-2.0.2.gemspec
I, [2014-02-12T08:46:54.183484 #1224]  INFO -- : 0:  coffee-script (2.2.0) from /Users/satblip/.rvm/gems/ruby-2.0.0-p247/specifications/coffee-script-2.2.0.gemspec
I, [2014-02-12T08:46:54.184031 #1224]  INFO -- : 0:  thor (0.18.1) from /Users/satblip/.rvm/gems/ruby-2.0.0-p247/specifications/thor-0.18.1.gemspec
I, [2014-02-12T08:46:54.184559 #1224]  INFO -- : 0:  railties (4.0.0) from /Users/satblip/.rvm/gems/ruby-2.0.0-p247/specifications/railties-4.0.0.gemspec
I, [2014-02-12T08:46:54.185147 #1224]  INFO -- : 0:  coffee-rails (4.0.1) from /Users/satblip/.rvm/gems/ruby-2.0.0-p247/specifications/coffee-rails-4.0.1.gemspec
I, [2014-02-12T08:46:54.185737 #1224]  INFO -- : 0:  hike (1.2.3) from /Users/satblip/.rvm/gems/ruby-2.0.0-p247/specifications/hike-1.2.3.gemspec
I, [2014-02-12T08:46:54.186359 #1224]  INFO -- : 0:  jbuilder (1.5.3) from /Users/satblip/.rvm/gems/ruby-2.0.0-p247/specifications/jbuilder-1.5.3.gemspec
I, [2014-02-12T08:46:54.186932 #1224]  INFO -- : 0:  jquery-rails (3.1.0) from /Users/satblip/.rvm/gems/ruby-2.0.0-p247/specifications/jquery-rails-3.1.0.gemspec
I, [2014-02-12T08:46:54.187699 #1224]  INFO -- : 0:  json (1.8.1) from /Users/satblip/.rvm/gems/ruby-2.0.0-p247/specifications/json-1.8.1.gemspec
I, [2014-02-12T08:46:54.188458 #1224]  INFO -- : 0:  tilt (1.4.1) from /Users/satblip/.rvm/gems/ruby-2.0.0-p247/specifications/tilt-1.4.1.gemspec
I, [2014-02-12T08:46:54.189280 #1224]  INFO -- : 0:  sprockets (2.10.1) from /Users/satblip/.rvm/gems/ruby-2.0.0-p247/specifications/sprockets-2.10.1.gemspec
I, [2014-02-12T08:46:54.190043 #1224]  INFO -- : 0:  sprockets-rails (2.0.1) from /Users/satblip/.rvm/gems/ruby-2.0.0-p247/specifications/sprockets-rails-2.0.1.gemspec
I, [2014-02-12T08:46:54.190671 #1224]  INFO -- : 0:  rails (4.0.0) from /Users/satblip/.rvm/gems/ruby-2.0.0-p247/specifications/rails-4.0.0.gemspec
I, [2014-02-12T08:46:54.191260 #1224]  INFO -- : 0:  rdoc (4.1.1) from /Users/satblip/.rvm/gems/ruby-2.0.0-p247/specifications/rdoc-4.1.1.gemspec
I, [2014-02-12T08:46:54.191776 #1224]  INFO -- : 0:  sass (3.2.14) from /Users/satblip/.rvm/gems/ruby-2.0.0-p247/specifications/sass-3.2.14.gemspec
I, [2014-02-12T08:46:54.192326 #1224]  INFO -- : 0:  sass-rails (4.0.1) from /Users/satblip/.rvm/gems/ruby-2.0.0-p247/specifications/sass-rails-4.0.1.gemspec
I, [2014-02-12T08:46:54.192837 #1224]  INFO -- : 0:  sdoc (0.4.0) from /Users/satblip/.rvm/gems/ruby-2.0.0-p247/specifications/sdoc-0.4.0.gemspec
I, [2014-02-12T08:46:54.193330 #1224]  INFO -- : 0:  sqlite3 (1.3.8) from /Users/satblip/.rvm/gems/ruby-2.0.0-p247/specifications/sqlite3-1.3.8.gemspec
I, [2014-02-12T08:46:54.193805 #1224]  INFO -- : 0:  turbolinks (2.2.1) from /Users/satblip/.rvm/gems/ruby-2.0.0-p247/specifications/turbolinks-2.2.1.gemspec
I, [2014-02-12T08:46:55.515114 #1224]  INFO -- : 0:  twitter-bootstrap-rails (2.2.8) from /Users/satblip/.rvm/gems/ruby-2.0.0-p247/specifications/twitter-bootstrap-rails-2.2.8.gemspec
I, [2014-02-12T08:46:55.515922 #1224]  INFO -- : 0:  uglifier (2.4.0) from /Users/satblip/.rvm/gems/ruby-2.0.0-p247/specifications/uglifier-2.4.0.gemspec
I, [2014-02-12T09:01:40.278588 #1466]  INFO -- : 0:  rake (10.1.1) from /Users/satblip/.rvm/gems/ruby-2.0.0-p247/specifications/rake-10.1.1.gemspec
I, [2014-02-12T09:01:40.279022 #1466]  INFO -- : 0:  i18n (0.6.9) from /Users/satblip/.rvm/gems/ruby-2.0.0-p247/specifications/i18n-0.6.9.gemspec
I, [2014-02-12T09:01:40.279296 #1466]  INFO -- : 0:  minitest (4.7.5) from /Users/satblip/.rvm/gems/ruby-2.0.0-p247/specifications/minitest-4.7.5.gemspec
I, [2014-02-12T09:01:40.279579 #1466]  INFO -- : 0:  multi_json (1.8.4) from /Users/satblip/.rvm/gems/ruby-2.0.0-p247/specifications/multi_json-1.8.4.gemspec
I, [2014-02-12T09:01:40.279842 #1466]  INFO -- : 0:  atomic (1.1.14) from /Users/satblip/.rvm/gems/ruby-2.0.0-p247/specifications/atomic-1.1.14.gemspec
I, [2014-02-12T09:01:40.280101 #1466]  INFO -- : 0:  thread_safe (0.1.3) from /Users/satblip/.rvm/gems/ruby-2.0.0-p247/specifications/thread_safe-0.1.3.gemspec
I, [2014-02-12T09:01:40.280360 #1466]  INFO -- : 0:  tzinfo (0.3.38) from /Users/satblip/.rvm/gems/ruby-2.0.0-p247/specifications/tzinfo-0.3.38.gemspec
I, [2014-02-12T09:01:40.280613 #1466]  INFO -- : 0:  activesupport (4.0.0) from /Users/satblip/.rvm/gems/ruby-2.0.0-p247/specifications/activesupport-4.0.0.gemspec
I, [2014-02-12T09:01:40.280888 #1466]  INFO -- : 0:  builder (3.1.4) from /Users/satblip/.rvm/gems/ruby-2.0.0-p247/specifications/builder-3.1.4.gemspec
I, [2014-02-12T09:01:40.281142 #1466]  INFO -- : 0:  erubis (2.7.0) from /Users/satblip/.rvm/gems/ruby-2.0.0-p247/specifications/erubis-2.7.0.gemspec
I, [2014-02-12T09:01:40.281390 #1466]  INFO -- : 0:  rack (1.5.2) from /Users/satblip/.rvm/gems/ruby-2.0.0-p247/specifications/rack-1.5.2.gemspec
I, [2014-02-12T09:01:40.281646 #1466]  INFO -- : 0:  rack-test (0.6.2) from /Users/satblip/.rvm/gems/ruby-2.0.0-p247/specifications/rack-test-0.6.2.gemspec
I, [2014-02-12T09:01:40.281897 #1466]  INFO -- : 0:  actionpack (4.0.0) from /Users/satblip/.rvm/gems/ruby-2.0.0-p247/specifications/actionpack-4.0.0.gemspec
I, [2014-02-12T09:01:40.282155 #1466]  INFO -- : 0:  mime-types (1.25.1) from /Users/satblip/.rvm/gems/ruby-2.0.0-p247/specifications/mime-types-1.25.1.gemspec
I, [2014-02-12T09:01:40.282403 #1466]  INFO -- : 0:  polyglot (0.3.3) from /Users/satblip/.rvm/gems/ruby-2.0.0-p247/specifications/polyglot-0.3.3.gemspec
I, [2014-02-12T09:01:40.282657 #1466]  INFO -- : 0:  treetop (1.4.15) from /Users/satblip/.rvm/gems/ruby-2.0.0-p247/specifications/treetop-1.4.15.gemspec
I, [2014-02-12T09:01:40.282905 #1466]  INFO -- : 0:  mail (2.5.4) from /Users/satblip/.rvm/gems/ruby-2.0.0-p247/specifications/mail-2.5.4.gemspec
I, [2014-02-12T09:01:40.283159 #1466]  INFO -- : 0:  actionmailer (4.0.0) from /Users/satblip/.rvm/gems/ruby-2.0.0-p247/specifications/actionmailer-4.0.0.gemspec
I, [2014-02-12T09:01:40.283412 #1466]  INFO -- : 0:  activemodel (4.0.0) from /Users/satblip/.rvm/gems/ruby-2.0.0-p247/specifications/activemodel-4.0.0.gemspec
I, [2014-02-12T09:01:40.283670 #1466]  INFO -- : 0:  activerecord-deprecated_finders (1.0.3) from /Users/satblip/.rvm/gems/ruby-2.0.0-p247/specifications/activerecord-deprecated_finders-1.0.3.gemspec
I, [2014-02-12T09:01:40.283925 #1466]  INFO -- : 0:  arel (4.0.2) from /Users/satblip/.rvm/gems/ruby-2.0.0-p247/specifications/arel-4.0.2.gemspec
I, [2014-02-12T09:01:40.284174 #1466]  INFO -- : 0:  activerecord (4.0.0) from /Users/satblip/.rvm/gems/ruby-2.0.0-p247/specifications/activerecord-4.0.0.gemspec
I, [2014-02-12T09:01:40.284432 #1466]  INFO -- : 0:  coffee-script-source (1.7.0) from /Users/satblip/.rvm/gems/ruby-2.0.0-p247/specifications/coffee-script-source-1.7.0.gemspec
I, [2014-02-12T09:01:40.284689 #1466]  INFO -- : 0:  execjs (2.0.2) from /Users/satblip/.rvm/gems/ruby-2.0.0-p247/specifications/execjs-2.0.2.gemspec
I, [2014-02-12T09:01:40.284939 #1466]  INFO -- : 0:  coffee-script (2.2.0) from /Users/satblip/.rvm/gems/ruby-2.0.0-p247/specifications/coffee-script-2.2.0.gemspec
I, [2014-02-12T09:01:40.285188 #1466]  INFO -- : 0:  thor (0.18.1) from /Users/satblip/.rvm/gems/ruby-2.0.0-p247/specifications/thor-0.18.1.gemspec
I, [2014-02-12T09:01:40.285441 #1466]  INFO -- : 0:  railties (4.0.0) from /Users/satblip/.rvm/gems/ruby-2.0.0-p247/specifications/railties-4.0.0.gemspec
I, [2014-02-12T09:01:40.285699 #1466]  INFO -- : 0:  coffee-rails (4.0.1) from /Users/satblip/.rvm/gems/ruby-2.0.0-p247/specifications/coffee-rails-4.0.1.gemspec
I, [2014-02-12T09:01:40.285947 #1466]  INFO -- : 0:  hike (1.2.3) from /Users/satblip/.rvm/gems/ruby-2.0.0-p247/specifications/hike-1.2.3.gemspec
I, [2014-02-12T09:01:40.286200 #1466]  INFO -- : 0:  jbuilder (1.5.3) from /Users/satblip/.rvm/gems/ruby-2.0.0-p247/specifications/jbuilder-1.5.3.gemspec
I, [2014-02-12T09:01:40.286457 #1466]  INFO -- : 0:  jquery-rails (3.1.0) from /Users/satblip/.rvm/gems/ruby-2.0.0-p247/specifications/jquery-rails-3.1.0.gemspec
I, [2014-02-12T09:01:40.286713 #1466]  INFO -- : 0:  json (1.8.1) from /Users/satblip/.rvm/gems/ruby-2.0.0-p247/specifications/json-1.8.1.gemspec
I, [2014-02-12T09:01:40.286954 #1466]  INFO -- : 0:  bundler (1.5.1) from /Users/satblip/.rvm/gems/ruby-2.0.0-p247@global/specifications/bundler-1.5.1.gemspec
I, [2014-02-12T09:01:40.287204 #1466]  INFO -- : 0:  tilt (1.4.1) from /Users/satblip/.rvm/gems/ruby-2.0.0-p247/specifications/tilt-1.4.1.gemspec
I, [2014-02-12T09:01:40.287480 #1466]  INFO -- : 0:  sprockets (2.10.1) from /Users/satblip/.rvm/gems/ruby-2.0.0-p247/specifications/sprockets-2.10.1.gemspec
I, [2014-02-12T09:01:40.287736 #1466]  INFO -- : 0:  sprockets-rails (2.0.1) from /Users/satblip/.rvm/gems/ruby-2.0.0-p247/specifications/sprockets-rails-2.0.1.gemspec
I, [2014-02-12T09:01:40.287986 #1466]  INFO -- : 0:  rails (4.0.0) from /Users/satblip/.rvm/gems/ruby-2.0.0-p247/specifications/rails-4.0.0.gemspec
I, [2014-02-12T09:01:40.288240 #1466]  INFO -- : 0:  rdoc (4.1.1) from /Users/satblip/.rvm/gems/ruby-2.0.0-p247/specifications/rdoc-4.1.1.gemspec
I, [2014-02-12T09:01:40.288496 #1466]  INFO -- : 0:  sass (3.2.14) from /Users/satblip/.rvm/gems/ruby-2.0.0-p247/specifications/sass-3.2.14.gemspec
I, [2014-02-12T09:01:40.288757 #1466]  INFO -- : 0:  sass-rails (4.0.1) from /Users/satblip/.rvm/gems/ruby-2.0.0-p247/specifications/sass-rails-4.0.1.gemspec
I, [2014-02-12T09:01:40.289016 #1466]  INFO -- : 0:  sdoc (0.4.0) from /Users/satblip/.rvm/gems/ruby-2.0.0-p247/specifications/sdoc-0.4.0.gemspec
I, [2014-02-12T09:01:40.289273 #1466]  INFO -- : 0:  sqlite3 (1.3.8) from /Users/satblip/.rvm/gems/ruby-2.0.0-p247/specifications/sqlite3-1.3.8.gemspec
I, [2014-02-12T09:01:40.289534 #1466]  INFO -- : 0:  turbolinks (2.2.1) from /Users/satblip/.rvm/gems/ruby-2.0.0-p247/specifications/turbolinks-2.2.1.gemspec
I, [2014-02-12T09:01:40.289795 #1466]  INFO -- : 0:  twitter-bootstrap-rails (2.2.8) from /Users/satblip/.rvm/gems/ruby-2.0.0-p247/specifications/twitter-bootstrap-rails-2.2.8.gemspec
I, [2014-02-12T09:01:40.290052 #1466]  INFO -- : 0:  uglifier (2.4.0) from /Users/satblip/.rvm/gems/ruby-2.0.0-p247/specifications/uglifier-2.4.0.gemspec
